<?xml version="1.0" encoding="UTF-8" ?>
<testsuite failures="0" time="0.172" errors="0" skipped="0" tests="4" name="AddressBookControllerTest">
  <properties>
[...]
</properties>
  <testcase time="0.062" classname="AddressBookControllerTest" name="testQueryPerson"/>
  <testcase time="0.031" classname="AddressBookControllerTest" name="testSavePerson"/>
  <testcase time="0.032" classname="AddressBookControllerTest" name="testDeletePerson"/>
  <testcase time="0" classname="AddressBookControllerTest" name="testPrintHelpInfo"/>
</testsuite>